{"C:\\Users\\rareorchid24\\Documents\\GitHub\\Portfolio\\code_the_dream\\kristen_wishart_nodeSpring_class\\node-homework\\app.js": {"path":"C:\\Users\\rareorchid24\\Documents\\GitHub\\Portfolio\\code_the_dream\\kristen_wishart_nodeSpring_class\\node-homework\\app.js","statementMap":{"0":{"start":{"line":1,"column":16},"end":{"line":1,"column":34}},"1":{"start":{"line":2,"column":12},"end":{"line":2,"column":21}},"2":{"start":{"line":4,"column":22},"end":{"line":4,"column":59}},"3":{"start":{"line":5,"column":13},"end":{"line":5,"column":36}},"4":{"start":{"line":6,"column":15},"end":{"line":6,"column":37}},"5":{"start":{"line":7,"column":24},"end":{"line":7,"column":59}},"6":{"start":{"line":8,"column":21},"end":{"line":8,"column":45}},"7":{"start":{"line":9,"column":15},"end":{"line":9,"column":32}},"8":{"start":{"line":10,"column":16},"end":{"line":10,"column":48}},"9":{"start":{"line":11,"column":20},"end":{"line":11,"column":49}},"10":{"start":{"line":14,"column":19},"end":{"line":14,"column":49}},"11":{"start":{"line":17,"column":0},"end":{"line":17,"column":26}},"12":{"start":{"line":20,"column":0},"end":{"line":25,"column":2}},"13":{"start":{"line":28,"column":0},"end":{"line":28,"column":18}},"14":{"start":{"line":31,"column":0},"end":{"line":31,"column":40}},"15":{"start":{"line":34,"column":0},"end":{"line":34,"column":24}},"16":{"start":{"line":37,"column":0},"end":{"line":37,"column":15}},"17":{"start":{"line":39,"column":0},"end":{"line":39,"column":34}},"18":{"start":{"line":42,"column":0},"end":{"line":42,"column":22}},"19":{"start":{"line":43,"column":0},"end":{"line":43,"column":18}},"20":{"start":{"line":44,"column":0},"end":{"line":44,"column":18}},"21":{"start":{"line":46,"column":0},"end":{"line":49,"column":3}},"22":{"start":{"line":47,"column":2},"end":{"line":47,"column":47}},"23":{"start":{"line":48,"column":2},"end":{"line":48,"column":9}},"24":{"start":{"line":52,"column":19},"end":{"line":52,"column":49}},"25":{"start":{"line":53,"column":0},"end":{"line":53,"column":49}},"26":{"start":{"line":56,"column":0},"end":{"line":56,"column":58}},"27":{"start":{"line":59,"column":0},"end":{"line":68,"column":3}},"28":{"start":{"line":60,"column":2},"end":{"line":67,"column":3}},"29":{"start":{"line":61,"column":4},"end":{"line":61,"column":37}},"30":{"start":{"line":62,"column":4},"end":{"line":62,"column":48}},"31":{"start":{"line":64,"column":4},"end":{"line":66,"column":74}},"32":{"start":{"line":70,"column":0},"end":{"line":72,"column":3}},"33":{"start":{"line":71,"column":2},"end":{"line":71,"column":46}},"34":{"start":{"line":74,"column":0},"end":{"line":80,"column":3}},"35":{"start":{"line":75,"column":2},"end":{"line":75,"column":61}},"36":{"start":{"line":76,"column":2},"end":{"line":78,"column":3}},"37":{"start":{"line":77,"column":4},"end":{"line":77,"column":73}},"38":{"start":{"line":79,"column":2},"end":{"line":79,"column":9}},"39":{"start":{"line":83,"column":21},"end":{"line":83,"column":58}},"40":{"start":{"line":85,"column":0},"end":{"line":85,"column":22}},"41":{"start":{"line":87,"column":13},"end":{"line":87,"column":37}},"42":{"start":{"line":88,"column":15},"end":{"line":92,"column":1}},"43":{"start":{"line":89,"column":2},"end":{"line":91,"column":3}},"44":{"start":{"line":95,"column":0},"end":{"line":104,"column":3}},"45":{"start":{"line":96,"column":2},"end":{"line":102,"column":3}},"46":{"start":{"line":97,"column":4},"end":{"line":97,"column":53}},"47":{"start":{"line":98,"column":9},"end":{"line":102,"column":3}},"48":{"start":{"line":99,"column":4},"end":{"line":99,"column":70}},"49":{"start":{"line":101,"column":4},"end":{"line":101,"column":40}},"50":{"start":{"line":103,"column":2},"end":{"line":103,"column":18}},"51":{"start":{"line":106,"column":21},"end":{"line":106,"column":26}},"52":{"start":{"line":108,"column":2},"end":{"line":108,"column":29}},"53":{"start":{"line":108,"column":22},"end":{"line":108,"column":29}},"54":{"start":{"line":109,"column":2},"end":{"line":109,"column":24}},"55":{"start":{"line":110,"column":2},"end":{"line":110,"column":45}},"56":{"start":{"line":111,"column":2},"end":{"line":125,"column":3}},"57":{"start":{"line":112,"column":4},"end":{"line":112,"column":58}},"58":{"start":{"line":112,"column":35},"end":{"line":112,"column":56}},"59":{"start":{"line":113,"column":4},"end":{"line":113,"column":39}},"60":{"start":{"line":115,"column":4},"end":{"line":115,"column":21}},"61":{"start":{"line":116,"column":4},"end":{"line":116,"column":37}},"62":{"start":{"line":117,"column":4},"end":{"line":117,"column":31}},"63":{"start":{"line":118,"column":4},"end":{"line":118,"column":39}},"64":{"start":{"line":120,"column":4},"end":{"line":120,"column":49}},"65":{"start":{"line":121,"column":4},"end":{"line":121,"column":13}},"66":{"start":{"line":123,"column":4},"end":{"line":123,"column":38}},"67":{"start":{"line":124,"column":4},"end":{"line":124,"column":23}},"68":{"start":{"line":128,"column":0},"end":{"line":128,"column":40}},"69":{"start":{"line":128,"column":27},"end":{"line":128,"column":38}},"70":{"start":{"line":129,"column":0},"end":{"line":129,"column":41}},"71":{"start":{"line":129,"column":28},"end":{"line":129,"column":39}},"72":{"start":{"line":130,"column":0},"end":{"line":133,"column":3}},"73":{"start":{"line":131,"column":2},"end":{"line":131,"column":44}},"74":{"start":{"line":132,"column":2},"end":{"line":132,"column":14}},"75":{"start":{"line":134,"column":0},"end":{"line":137,"column":3}},"76":{"start":{"line":135,"column":2},"end":{"line":135,"column":48}},"77":{"start":{"line":136,"column":2},"end":{"line":136,"column":14}},"78":{"start":{"line":139,"column":0},"end":{"line":139,"column":33}}},"fnMap":{"0":{"name":"(anonymous_0)","decl":{"start":{"line":46,"column":8},"end":{"line":46,"column":9}},"loc":{"start":{"line":46,"column":28},"end":{"line":49,"column":1}},"line":46},"1":{"name":"(anonymous_1)","decl":{"start":{"line":59,"column":19},"end":{"line":59,"column":20}},"loc":{"start":{"line":59,"column":39},"end":{"line":68,"column":1}},"line":59},"2":{"name":"(anonymous_2)","decl":{"start":{"line":70,"column":13},"end":{"line":70,"column":14}},"loc":{"start":{"line":70,"column":27},"end":{"line":72,"column":1}},"line":70},"3":{"name":"(anonymous_3)","decl":{"start":{"line":74,"column":8},"end":{"line":74,"column":9}},"loc":{"start":{"line":74,"column":28},"end":{"line":80,"column":1}},"line":74},"4":{"name":"(anonymous_4)","decl":{"start":{"line":88,"column":32},"end":{"line":88,"column":33}},"loc":{"start":{"line":89,"column":2},"end":{"line":91,"column":3}},"line":89},"5":{"name":"(anonymous_5)","decl":{"start":{"line":95,"column":19},"end":{"line":95,"column":20}},"loc":{"start":{"line":95,"column":28},"end":{"line":104,"column":1}},"line":95},"6":{"name":"shutdown","decl":{"start":{"line":107,"column":15},"end":{"line":107,"column":23}},"loc":{"start":{"line":107,"column":34},"end":{"line":126,"column":1}},"line":107},"7":{"name":"(anonymous_7)","decl":{"start":{"line":112,"column":22},"end":{"line":112,"column":23}},"loc":{"start":{"line":112,"column":35},"end":{"line":112,"column":56}},"line":112},"8":{"name":"(anonymous_8)","decl":{"start":{"line":128,"column":21},"end":{"line":128,"column":22}},"loc":{"start":{"line":128,"column":27},"end":{"line":128,"column":38}},"line":128},"9":{"name":"(anonymous_9)","decl":{"start":{"line":129,"column":22},"end":{"line":129,"column":23}},"loc":{"start":{"line":129,"column":28},"end":{"line":129,"column":39}},"line":129},"10":{"name":"(anonymous_10)","decl":{"start":{"line":130,"column":32},"end":{"line":130,"column":33}},"loc":{"start":{"line":130,"column":41},"end":{"line":133,"column":1}},"line":130},"11":{"name":"(anonymous_11)","decl":{"start":{"line":134,"column":33},"end":{"line":134,"column":34}},"loc":{"start":{"line":134,"column":45},"end":{"line":137,"column":1}},"line":134}},"branchMap":{"0":{"loc":{"start":{"line":76,"column":2},"end":{"line":78,"column":3}},"type":"if","locations":[{"start":{"line":76,"column":2},"end":{"line":78,"column":3}},{"start":{},"end":{}}],"line":76},"1":{"loc":{"start":{"line":87,"column":13},"end":{"line":87,"column":37}},"type":"binary-expr","locations":[{"start":{"line":87,"column":13},"end":{"line":87,"column":29}},{"start":{"line":87,"column":33},"end":{"line":87,"column":37}}],"line":87},"2":{"loc":{"start":{"line":96,"column":2},"end":{"line":102,"column":3}},"type":"if","locations":[{"start":{"line":96,"column":2},"end":{"line":102,"column":3}},{"start":{"line":98,"column":9},"end":{"line":102,"column":3}}],"line":96},"3":{"loc":{"start":{"line":98,"column":9},"end":{"line":102,"column":3}},"type":"if","locations":[{"start":{"line":98,"column":9},"end":{"line":102,"column":3}},{"start":{"line":100,"column":9},"end":{"line":102,"column":3}}],"line":98},"4":{"loc":{"start":{"line":107,"column":24},"end":{"line":107,"column":32}},"type":"default-arg","locations":[{"start":{"line":107,"column":31},"end":{"line":107,"column":32}}],"line":107},"5":{"loc":{"start":{"line":108,"column":2},"end":{"line":108,"column":29}},"type":"if","locations":[{"start":{"line":108,"column":2},"end":{"line":108,"column":29}},{"start":{},"end":{}}],"line":108}},"s":{"0":1,"1":1,"2":1,"3":1,"4":1,"5":1,"6":1,"7":1,"8":1,"9":1,"10":1,"11":1,"12":1,"13":1,"14":1,"15":1,"16":1,"17":1,"18":1,"19":1,"20":1,"21":1,"22":2,"23":2,"24":1,"25":1,"26":1,"27":1,"28":0,"29":0,"30":0,"31":0,"32":1,"33":0,"34":1,"35":0,"36":0,"37":0,"38":0,"39":1,"40":1,"41":1,"42":1,"43":1,"44":1,"45":0,"46":0,"47":0,"48":0,"49":0,"50":0,"51":1,"52":0,"53":0,"54":0,"55":0,"56":0,"57":0,"58":0,"59":0,"60":0,"61":0,"62":0,"63":0,"64":0,"65":0,"66":0,"67":0,"68":1,"69":0,"70":1,"71":0,"72":1,"73":0,"74":0,"75":1,"76":0,"77":0,"78":1},"f":{"0":2,"1":0,"2":0,"3":0,"4":1,"5":0,"6":0,"7":0,"8":0,"9":0,"10":0,"11":0},"b":{"0":[0,0],"1":[1,1],"2":[0,0],"3":[0,0],"4":[0],"5":[0,0]},"_coverageSchema":"1a1c01bbd47fc00a2c39e90264f33305004495a9","hash":"56a5f3adb148950ecd435d24f1129cc8d0cdc574"}
,"C:\\Users\\rareorchid24\\Documents\\GitHub\\Portfolio\\code_the_dream\\kristen_wishart_nodeSpring_class\\node-homework\\controllers\\analyticsController.js": {"path":"C:\\Users\\rareorchid24\\Documents\\GitHub\\Portfolio\\code_the_dream\\kristen_wishart_nodeSpring_class\\node-homework\\controllers\\analyticsController.js","statementMap":{"0":{"start":{"line":1,"column":24},"end":{"line":1,"column":52}},"1":{"start":{"line":2,"column":15},"end":{"line":2,"column":38}},"2":{"start":{"line":7,"column":2},"end":{"line":74,"column":3}},"3":{"start":{"line":9,"column":19},"end":{"line":9,"column":46}},"4":{"start":{"line":11,"column":4},"end":{"line":15,"column":5}},"5":{"start":{"line":12,"column":6},"end":{"line":14,"column":47}},"6":{"start":{"line":18,"column":17},"end":{"line":20,"column":6}},"7":{"start":{"line":22,"column":4},"end":{"line":26,"column":5}},"8":{"start":{"line":23,"column":6},"end":{"line":25,"column":46}},"9":{"start":{"line":29,"column":22},"end":{"line":33,"column":6}},"10":{"start":{"line":36,"column":24},"end":{"line":51,"column":6}},"11":{"start":{"line":54,"column":23},"end":{"line":54,"column":33}},"12":{"start":{"line":55,"column":4},"end":{"line":55,"column":49}},"13":{"start":{"line":57,"column":27},"end":{"line":64,"column":6}},"14":{"start":{"line":67,"column":4},"end":{"line":71,"column":7}},"15":{"start":{"line":73,"column":4},"end":{"line":73,"column":21}},"16":{"start":{"line":80,"column":2},"end":{"line":144,"column":3}},"17":{"start":{"line":82,"column":17},"end":{"line":82,"column":46}},"18":{"start":{"line":83,"column":18},"end":{"line":83,"column":49}},"19":{"start":{"line":84,"column":17},"end":{"line":84,"column":35}},"20":{"start":{"line":86,"column":4},"end":{"line":88,"column":5}},"21":{"start":{"line":87,"column":6},"end":{"line":87,"column":66}},"22":{"start":{"line":90,"column":4},"end":{"line":92,"column":5}},"23":{"start":{"line":91,"column":6},"end":{"line":91,"column":80}},"24":{"start":{"line":97,"column":21},"end":{"line":111,"column":6}},"25":{"start":{"line":114,"column":18},"end":{"line":121,"column":7}},"26":{"start":{"line":114,"column":42},"end":{"line":121,"column":5}},"27":{"start":{"line":124,"column":23},"end":{"line":124,"column":48}},"28":{"start":{"line":126,"column":18},"end":{"line":126,"column":47}},"29":{"start":{"line":128,"column":23},"end":{"line":135,"column":5}},"30":{"start":{"line":138,"column":4},"end":{"line":141,"column":7}},"31":{"start":{"line":143,"column":4},"end":{"line":143,"column":21}},"32":{"start":{"line":154,"column":2},"end":{"line":208,"column":3}},"33":{"start":{"line":156,"column":24},"end":{"line":156,"column":35}},"34":{"start":{"line":158,"column":4},"end":{"line":162,"column":5}},"35":{"start":{"line":159,"column":6},"end":{"line":161,"column":9}},"36":{"start":{"line":165,"column":18},"end":{"line":165,"column":49}},"37":{"start":{"line":168,"column":26},"end":{"line":168,"column":44}},"38":{"start":{"line":169,"column":23},"end":{"line":169,"column":34}},"39":{"start":{"line":170,"column":23},"end":{"line":170,"column":40}},"40":{"start":{"line":173,"column":26},"end":{"line":195,"column":5}},"41":{"start":{"line":197,"column":4},"end":{"line":197,"column":31}},"42":{"start":{"line":200,"column":4},"end":{"line":204,"column":7}},"43":{"start":{"line":206,"column":4},"end":{"line":206,"column":21}},"44":{"start":{"line":207,"column":4},"end":{"line":207,"column":21}},"45":{"start":{"line":211,"column":0},"end":{"line":211,"column":70}}},"fnMap":{"0":{"name":"getUserAnalytics","decl":{"start":{"line":6,"column":15},"end":{"line":6,"column":31}},"loc":{"start":{"line":6,"column":48},"end":{"line":75,"column":1}},"line":6},"1":{"name":"getUsersWithStats","decl":{"start":{"line":79,"column":15},"end":{"line":79,"column":32}},"loc":{"start":{"line":79,"column":49},"end":{"line":145,"column":1}},"line":79},"2":{"name":"(anonymous_2)","decl":{"start":{"line":114,"column":31},"end":{"line":114,"column":32}},"loc":{"start":{"line":114,"column":42},"end":{"line":121,"column":5}},"line":114},"3":{"name":"searchTasks","decl":{"start":{"line":153,"column":15},"end":{"line":153,"column":26}},"loc":{"start":{"line":153,"column":43},"end":{"line":209,"column":1}},"line":153}},"branchMap":{"0":{"loc":{"start":{"line":11,"column":4},"end":{"line":15,"column":5}},"type":"if","locations":[{"start":{"line":11,"column":4},"end":{"line":15,"column":5}},{"start":{},"end":{}}],"line":11},"1":{"loc":{"start":{"line":22,"column":4},"end":{"line":26,"column":5}},"type":"if","locations":[{"start":{"line":22,"column":4},"end":{"line":26,"column":5}},{"start":{},"end":{}}],"line":22},"2":{"loc":{"start":{"line":82,"column":17},"end":{"line":82,"column":46}},"type":"binary-expr","locations":[{"start":{"line":82,"column":17},"end":{"line":82,"column":41}},{"start":{"line":82,"column":45},"end":{"line":82,"column":46}}],"line":82},"3":{"loc":{"start":{"line":83,"column":18},"end":{"line":83,"column":49}},"type":"binary-expr","locations":[{"start":{"line":83,"column":18},"end":{"line":83,"column":43}},{"start":{"line":83,"column":47},"end":{"line":83,"column":49}}],"line":83},"4":{"loc":{"start":{"line":86,"column":4},"end":{"line":88,"column":5}},"type":"if","locations":[{"start":{"line":86,"column":4},"end":{"line":88,"column":5}},{"start":{},"end":{}}],"line":86},"5":{"loc":{"start":{"line":90,"column":4},"end":{"line":92,"column":5}},"type":"if","locations":[{"start":{"line":90,"column":4},"end":{"line":92,"column":5}},{"start":{},"end":{}}],"line":90},"6":{"loc":{"start":{"line":90,"column":8},"end":{"line":90,"column":32}},"type":"binary-expr","locations":[{"start":{"line":90,"column":8},"end":{"line":90,"column":17}},{"start":{"line":90,"column":21},"end":{"line":90,"column":32}}],"line":90},"7":{"loc":{"start":{"line":158,"column":4},"end":{"line":162,"column":5}},"type":"if","locations":[{"start":{"line":158,"column":4},"end":{"line":162,"column":5}},{"start":{},"end":{}}],"line":158},"8":{"loc":{"start":{"line":158,"column":8},"end":{"line":158,"column":53}},"type":"binary-expr","locations":[{"start":{"line":158,"column":8},"end":{"line":158,"column":20}},{"start":{"line":158,"column":24},"end":{"line":158,"column":53}}],"line":158},"9":{"loc":{"start":{"line":165,"column":18},"end":{"line":165,"column":49}},"type":"binary-expr","locations":[{"start":{"line":165,"column":18},"end":{"line":165,"column":43}},{"start":{"line":165,"column":47},"end":{"line":165,"column":49}}],"line":165}},"s":{"0":1,"1":1,"2":0,"3":0,"4":0,"5":0,"6":0,"7":0,"8":0,"9":0,"10":0,"11":0,"12":0,"13":0,"14":0,"15":0,"16":0,"17":0,"18":0,"19":0,"20":0,"21":0,"22":0,"23":0,"24":0,"25":0,"26":0,"27":0,"28":0,"29":0,"30":0,"31":0,"32":0,"33":0,"34":0,"35":0,"36":0,"37":0,"38":0,"39":0,"40":0,"41":0,"42":0,"43":0,"44":0,"45":1},"f":{"0":0,"1":0,"2":0,"3":0},"b":{"0":[0,0],"1":[0,0],"2":[0,0],"3":[0,0],"4":[0,0],"5":[0,0],"6":[0,0],"7":[0,0],"8":[0,0],"9":[0,0]},"_coverageSchema":"1a1c01bbd47fc00a2c39e90264f33305004495a9","hash":"327256cb7a8e5f036295d75bf154cb4693a73e35"}
,"C:\\Users\\rareorchid24\\Documents\\GitHub\\Portfolio\\code_the_dream\\kristen_wishart_nodeSpring_class\\node-homework\\controllers\\taskController.js": {"path":"C:\\Users\\rareorchid24\\Documents\\GitHub\\Portfolio\\code_the_dream\\kristen_wishart_nodeSpring_class\\node-homework\\controllers\\taskController.js","statementMap":{"0":{"start":{"line":1,"column":24},"end":{"line":1,"column":52}},"1":{"start":{"line":2,"column":40},"end":{"line":2,"column":75}},"2":{"start":{"line":4,"column":15},"end":{"line":4,"column":38}},"3":{"start":{"line":7,"column":19},"end":{"line":22,"column":1}},"4":{"start":{"line":8,"column":26},"end":{"line":14,"column":3}},"5":{"start":{"line":15,"column":17},"end":{"line":15,"column":44}},"6":{"start":{"line":16,"column":24},"end":{"line":16,"column":70}},"7":{"start":{"line":18,"column":2},"end":{"line":20,"column":3}},"8":{"start":{"line":19,"column":4},"end":{"line":19,"column":39}},"9":{"start":{"line":21,"column":2},"end":{"line":21,"column":31}},"10":{"start":{"line":26,"column":2},"end":{"line":26,"column":31}},"11":{"start":{"line":26,"column":17},"end":{"line":26,"column":31}},"12":{"start":{"line":29,"column":27},"end":{"line":29,"column":79}},"13":{"start":{"line":31,"column":2},"end":{"line":33,"column":3}},"14":{"start":{"line":32,"column":4},"end":{"line":32,"column":60}},"15":{"start":{"line":35,"column":2},"end":{"line":37,"column":3}},"16":{"start":{"line":36,"column":4},"end":{"line":36,"column":30}},"17":{"start":{"line":39,"column":2},"end":{"line":53,"column":3}},"18":{"start":{"line":40,"column":17},"end":{"line":48,"column":6}},"19":{"start":{"line":50,"column":4},"end":{"line":50,"column":54}},"20":{"start":{"line":52,"column":4},"end":{"line":52,"column":21}},"21":{"start":{"line":58,"column":20},"end":{"line":58,"column":28}},"22":{"start":{"line":59,"column":2},"end":{"line":59,"column":21}},"23":{"start":{"line":62,"column":2},"end":{"line":66,"column":3}},"24":{"start":{"line":63,"column":4},"end":{"line":65,"column":7}},"25":{"start":{"line":69,"column":21},"end":{"line":69,"column":23}},"26":{"start":{"line":71,"column":2},"end":{"line":87,"column":3}},"27":{"start":{"line":72,"column":29},"end":{"line":72,"column":54}},"28":{"start":{"line":74,"column":4},"end":{"line":79,"column":5}},"29":{"start":{"line":75,"column":6},"end":{"line":78,"column":9}},"30":{"start":{"line":81,"column":4},"end":{"line":86,"column":7}},"31":{"start":{"line":90,"column":2},"end":{"line":103,"column":3}},"32":{"start":{"line":91,"column":19},"end":{"line":94,"column":6}},"33":{"start":{"line":96,"column":4},"end":{"line":100,"column":7}},"34":{"start":{"line":102,"column":4},"end":{"line":102,"column":21}},"35":{"start":{"line":108,"column":2},"end":{"line":179,"column":3}},"36":{"start":{"line":110,"column":17},"end":{"line":110,"column":46}},"37":{"start":{"line":111,"column":18},"end":{"line":111,"column":49}},"38":{"start":{"line":112,"column":17},"end":{"line":112,"column":35}},"39":{"start":{"line":114,"column":4},"end":{"line":116,"column":5}},"40":{"start":{"line":115,"column":6},"end":{"line":115,"column":66}},"41":{"start":{"line":118,"column":4},"end":{"line":120,"column":5}},"42":{"start":{"line":119,"column":6},"end":{"line":119,"column":80}},"43":{"start":{"line":123,"column":24},"end":{"line":123,"column":47}},"44":{"start":{"line":125,"column":4},"end":{"line":130,"column":5}},"45":{"start":{"line":126,"column":6},"end":{"line":129,"column":8}},"46":{"start":{"line":133,"column":18},"end":{"line":151,"column":6}},"47":{"start":{"line":154,"column":23},"end":{"line":156,"column":6}},"48":{"start":{"line":159,"column":18},"end":{"line":159,"column":47}},"49":{"start":{"line":161,"column":23},"end":{"line":168,"column":5}},"50":{"start":{"line":170,"column":4},"end":{"line":174,"column":5}},"51":{"start":{"line":171,"column":6},"end":{"line":173,"column":49}},"52":{"start":{"line":176,"column":4},"end":{"line":176,"column":66}},"53":{"start":{"line":178,"column":4},"end":{"line":178,"column":21}},"54":{"start":{"line":184,"column":13},"end":{"line":184,"column":40}},"55":{"start":{"line":186,"column":2},"end":{"line":218,"column":3}},"56":{"start":{"line":187,"column":17},"end":{"line":205,"column":6}},"57":{"start":{"line":207,"column":4},"end":{"line":209,"column":5}},"58":{"start":{"line":208,"column":6},"end":{"line":208,"column":74}},"59":{"start":{"line":211,"column":4},"end":{"line":211,"column":49}},"60":{"start":{"line":213,"column":4},"end":{"line":215,"column":5}},"61":{"start":{"line":214,"column":6},"end":{"line":214,"column":74}},"62":{"start":{"line":217,"column":4},"end":{"line":217,"column":21}},"63":{"start":{"line":223,"column":2},"end":{"line":223,"column":31}},"64":{"start":{"line":223,"column":17},"end":{"line":223,"column":31}},"65":{"start":{"line":226,"column":27},"end":{"line":228,"column":4}},"66":{"start":{"line":230,"column":2},"end":{"line":232,"column":3}},"67":{"start":{"line":231,"column":4},"end":{"line":231,"column":60}},"68":{"start":{"line":234,"column":13},"end":{"line":234,"column":40}},"69":{"start":{"line":236,"column":2},"end":{"line":263,"column":3}},"70":{"start":{"line":237,"column":17},"end":{"line":253,"column":6}},"71":{"start":{"line":255,"column":4},"end":{"line":255,"column":49}},"72":{"start":{"line":258,"column":4},"end":{"line":260,"column":5}},"73":{"start":{"line":259,"column":6},"end":{"line":259,"column":74}},"74":{"start":{"line":262,"column":4},"end":{"line":262,"column":21}},"75":{"start":{"line":268,"column":13},"end":{"line":268,"column":40}},"76":{"start":{"line":270,"column":2},"end":{"line":287,"column":3}},"77":{"start":{"line":271,"column":4},"end":{"line":278,"column":7}},"78":{"start":{"line":280,"column":4},"end":{"line":280,"column":54}},"79":{"start":{"line":282,"column":4},"end":{"line":284,"column":5}},"80":{"start":{"line":283,"column":6},"end":{"line":283,"column":74}},"81":{"start":{"line":286,"column":4},"end":{"line":286,"column":21}},"82":{"start":{"line":290,"column":0},"end":{"line":297,"column":2}}},"fnMap":{"0":{"name":"(anonymous_0)","decl":{"start":{"line":7,"column":19},"end":{"line":7,"column":20}},"loc":{"start":{"line":7,"column":30},"end":{"line":22,"column":1}},"line":7},"1":{"name":"create","decl":{"start":{"line":25,"column":15},"end":{"line":25,"column":21}},"loc":{"start":{"line":25,"column":38},"end":{"line":54,"column":1}},"line":25},"2":{"name":"bulkCreate","decl":{"start":{"line":57,"column":15},"end":{"line":57,"column":25}},"loc":{"start":{"line":57,"column":42},"end":{"line":104,"column":1}},"line":57},"3":{"name":"index","decl":{"start":{"line":107,"column":15},"end":{"line":107,"column":20}},"loc":{"start":{"line":107,"column":37},"end":{"line":180,"column":1}},"line":107},"4":{"name":"show","decl":{"start":{"line":183,"column":15},"end":{"line":183,"column":19}},"loc":{"start":{"line":183,"column":36},"end":{"line":219,"column":1}},"line":183},"5":{"name":"update","decl":{"start":{"line":222,"column":15},"end":{"line":222,"column":21}},"loc":{"start":{"line":222,"column":38},"end":{"line":264,"column":1}},"line":222},"6":{"name":"deleteTask","decl":{"start":{"line":267,"column":15},"end":{"line":267,"column":25}},"loc":{"start":{"line":267,"column":42},"end":{"line":288,"column":1}},"line":267}},"branchMap":{"0":{"loc":{"start":{"line":15,"column":17},"end":{"line":15,"column":44}},"type":"binary-expr","locations":[{"start":{"line":15,"column":17},"end":{"line":15,"column":29}},{"start":{"line":15,"column":33},"end":{"line":15,"column":44}}],"line":15},"1":{"loc":{"start":{"line":16,"column":24},"end":{"line":16,"column":70}},"type":"cond-expr","locations":[{"start":{"line":16,"column":56},"end":{"line":16,"column":61}},{"start":{"line":16,"column":64},"end":{"line":16,"column":70}}],"line":16},"2":{"loc":{"start":{"line":18,"column":2},"end":{"line":20,"column":3}},"type":"if","locations":[{"start":{"line":18,"column":2},"end":{"line":20,"column":3}},{"start":{},"end":{}}],"line":18},"3":{"loc":{"start":{"line":26,"column":2},"end":{"line":26,"column":31}},"type":"if","locations":[{"start":{"line":26,"column":2},"end":{"line":26,"column":31}},{"start":{},"end":{}}],"line":26},"4":{"loc":{"start":{"line":31,"column":2},"end":{"line":33,"column":3}},"type":"if","locations":[{"start":{"line":31,"column":2},"end":{"line":33,"column":3}},{"start":{},"end":{}}],"line":31},"5":{"loc":{"start":{"line":35,"column":2},"end":{"line":37,"column":3}},"type":"if","locations":[{"start":{"line":35,"column":2},"end":{"line":37,"column":3}},{"start":{},"end":{}}],"line":35},"6":{"loc":{"start":{"line":62,"column":2},"end":{"line":66,"column":3}},"type":"if","locations":[{"start":{"line":62,"column":2},"end":{"line":66,"column":3}},{"start":{},"end":{}}],"line":62},"7":{"loc":{"start":{"line":62,"column":6},"end":{"line":62,"column":59}},"type":"binary-expr","locations":[{"start":{"line":62,"column":6},"end":{"line":62,"column":12}},{"start":{"line":62,"column":16},"end":{"line":62,"column":37}},{"start":{"line":62,"column":41},"end":{"line":62,"column":59}}],"line":62},"8":{"loc":{"start":{"line":74,"column":4},"end":{"line":79,"column":5}},"type":"if","locations":[{"start":{"line":74,"column":4},"end":{"line":79,"column":5}},{"start":{},"end":{}}],"line":74},"9":{"loc":{"start":{"line":83,"column":19},"end":{"line":83,"column":45}},"type":"binary-expr","locations":[{"start":{"line":83,"column":19},"end":{"line":83,"column":36}},{"start":{"line":83,"column":40},"end":{"line":83,"column":45}}],"line":83},"10":{"loc":{"start":{"line":84,"column":16},"end":{"line":84,"column":42}},"type":"binary-expr","locations":[{"start":{"line":84,"column":16},"end":{"line":84,"column":30}},{"start":{"line":84,"column":34},"end":{"line":84,"column":42}}],"line":84},"11":{"loc":{"start":{"line":110,"column":17},"end":{"line":110,"column":46}},"type":"binary-expr","locations":[{"start":{"line":110,"column":17},"end":{"line":110,"column":41}},{"start":{"line":110,"column":45},"end":{"line":110,"column":46}}],"line":110},"12":{"loc":{"start":{"line":111,"column":18},"end":{"line":111,"column":49}},"type":"binary-expr","locations":[{"start":{"line":111,"column":18},"end":{"line":111,"column":43}},{"start":{"line":111,"column":47},"end":{"line":111,"column":49}}],"line":111},"13":{"loc":{"start":{"line":114,"column":4},"end":{"line":116,"column":5}},"type":"if","locations":[{"start":{"line":114,"column":4},"end":{"line":116,"column":5}},{"start":{},"end":{}}],"line":114},"14":{"loc":{"start":{"line":118,"column":4},"end":{"line":120,"column":5}},"type":"if","locations":[{"start":{"line":118,"column":4},"end":{"line":120,"column":5}},{"start":{},"end":{}}],"line":118},"15":{"loc":{"start":{"line":118,"column":8},"end":{"line":118,"column":32}},"type":"binary-expr","locations":[{"start":{"line":118,"column":8},"end":{"line":118,"column":17}},{"start":{"line":118,"column":21},"end":{"line":118,"column":32}}],"line":118},"16":{"loc":{"start":{"line":125,"column":4},"end":{"line":130,"column":5}},"type":"if","locations":[{"start":{"line":125,"column":4},"end":{"line":130,"column":5}},{"start":{},"end":{}}],"line":125},"17":{"loc":{"start":{"line":170,"column":4},"end":{"line":174,"column":5}},"type":"if","locations":[{"start":{"line":170,"column":4},"end":{"line":174,"column":5}},{"start":{},"end":{}}],"line":170},"18":{"loc":{"start":{"line":207,"column":4},"end":{"line":209,"column":5}},"type":"if","locations":[{"start":{"line":207,"column":4},"end":{"line":209,"column":5}},{"start":{},"end":{}}],"line":207},"19":{"loc":{"start":{"line":213,"column":4},"end":{"line":215,"column":5}},"type":"if","locations":[{"start":{"line":213,"column":4},"end":{"line":215,"column":5}},{"start":{},"end":{}}],"line":213},"20":{"loc":{"start":{"line":223,"column":2},"end":{"line":223,"column":31}},"type":"if","locations":[{"start":{"line":223,"column":2},"end":{"line":223,"column":31}},{"start":{},"end":{}}],"line":223},"21":{"loc":{"start":{"line":230,"column":2},"end":{"line":232,"column":3}},"type":"if","locations":[{"start":{"line":230,"column":2},"end":{"line":232,"column":3}},{"start":{},"end":{}}],"line":230},"22":{"loc":{"start":{"line":258,"column":4},"end":{"line":260,"column":5}},"type":"if","locations":[{"start":{"line":258,"column":4},"end":{"line":260,"column":5}},{"start":{},"end":{}}],"line":258},"23":{"loc":{"start":{"line":282,"column":4},"end":{"line":284,"column":5}},"type":"if","locations":[{"start":{"line":282,"column":4},"end":{"line":284,"column":5}},{"start":{},"end":{}}],"line":282}},"s":{"0":1,"1":1,"2":1,"3":1,"4":1,"5":1,"6":1,"7":1,"8":1,"9":0,"10":0,"11":0,"12":0,"13":0,"14":0,"15":0,"16":0,"17":0,"18":0,"19":0,"20":0,"21":0,"22":0,"23":0,"24":0,"25":0,"26":0,"27":0,"28":0,"29":0,"30":0,"31":0,"32":0,"33":0,"34":0,"35":1,"36":1,"37":1,"38":1,"39":1,"40":0,"41":1,"42":0,"43":1,"44":1,"45":0,"46":1,"47":1,"48":1,"49":1,"50":1,"51":0,"52":1,"53":0,"54":0,"55":0,"56":0,"57":0,"58":0,"59":0,"60":0,"61":0,"62":0,"63":0,"64":0,"65":0,"66":0,"67":0,"68":0,"69":0,"70":0,"71":0,"72":0,"73":0,"74":0,"75":0,"76":0,"77":0,"78":0,"79":0,"80":0,"81":0,"82":1},"f":{"0":1,"1":0,"2":0,"3":1,"4":0,"5":0,"6":0},"b":{"0":[1,1],"1":[0,1],"2":[1,0],"3":[0,0],"4":[0,0],"5":[0,0],"6":[0,0],"7":[0,0,0],"8":[0,0],"9":[0,0],"10":[0,0],"11":[1,1],"12":[1,1],"13":[0,1],"14":[0,1],"15":[1,1],"16":[0,1],"17":[0,1],"18":[0,0],"19":[0,0],"20":[0,0],"21":[0,0],"22":[0,0],"23":[0,0]},"_coverageSchema":"1a1c01bbd47fc00a2c39e90264f33305004495a9","hash":"8e09eeb9ee6cb7bee124a6c791b084a7bbe685f9"}
,"C:\\Users\\rareorchid24\\Documents\\GitHub\\Portfolio\\code_the_dream\\kristen_wishart_nodeSpring_class\\node-homework\\controllers\\userController.js": {"path":"C:\\Users\\rareorchid24\\Documents\\GitHub\\Portfolio\\code_the_dream\\kristen_wishart_nodeSpring_class\\node-homework\\controllers\\userController.js","statementMap":{"0":{"start":{"line":1,"column":24},"end":{"line":1,"column":52}},"1":{"start":{"line":2,"column":23},"end":{"line":2,"column":58}},"2":{"start":{"line":4,"column":15},"end":{"line":4,"column":38}},"3":{"start":{"line":5,"column":23},"end":{"line":5,"column":40}},"4":{"start":{"line":6,"column":12},"end":{"line":6,"column":35}},"5":{"start":{"line":9,"column":20},"end":{"line":15,"column":1}},"6":{"start":{"line":10,"column":2},"end":{"line":14,"column":4}},"7":{"start":{"line":17,"column":21},"end":{"line":24,"column":1}},"8":{"start":{"line":19,"column":18},"end":{"line":19,"column":58}},"9":{"start":{"line":20,"column":16},"end":{"line":20,"column":78}},"10":{"start":{"line":22,"column":2},"end":{"line":22,"column":69}},"11":{"start":{"line":23,"column":2},"end":{"line":23,"column":27}},"12":{"start":{"line":27,"column":15},"end":{"line":27,"column":32}},"13":{"start":{"line":28,"column":13},"end":{"line":28,"column":28}},"14":{"start":{"line":29,"column":15},"end":{"line":29,"column":44}},"15":{"start":{"line":32,"column":15},"end":{"line":32,"column":53}},"16":{"start":{"line":33,"column":21},"end":{"line":33,"column":53}},"17":{"start":{"line":34,"column":2},"end":{"line":34,"column":49}},"18":{"start":{"line":38,"column":22},"end":{"line":38,"column":43}},"19":{"start":{"line":39,"column":20},"end":{"line":39,"column":43}},"20":{"start":{"line":40,"column":21},"end":{"line":40,"column":58}},"21":{"start":{"line":41,"column":2},"end":{"line":41,"column":55}},"22":{"start":{"line":46,"column":2},"end":{"line":46,"column":31}},"23":{"start":{"line":46,"column":17},"end":{"line":46,"column":31}},"24":{"start":{"line":49,"column":27},"end":{"line":49,"column":79}},"25":{"start":{"line":51,"column":2},"end":{"line":56,"column":3}},"26":{"start":{"line":52,"column":4},"end":{"line":55,"column":7}},"27":{"start":{"line":58,"column":2},"end":{"line":143,"column":3}},"28":{"start":{"line":60,"column":27},"end":{"line":60,"column":61}},"29":{"start":{"line":61,"column":4},"end":{"line":61,"column":26}},"30":{"start":{"line":64,"column":19},"end":{"line":117,"column":6}},"31":{"start":{"line":66,"column":22},"end":{"line":78,"column":8}},"32":{"start":{"line":81,"column":30},"end":{"line":97,"column":7}},"33":{"start":{"line":99,"column":6},"end":{"line":99,"column":58}},"34":{"start":{"line":102,"column":27},"end":{"line":114,"column":8}},"35":{"start":{"line":105,"column":50},"end":{"line":105,"column":57}},"36":{"start":{"line":116,"column":6},"end":{"line":116,"column":45}},"37":{"start":{"line":122,"column":22},"end":{"line":122,"column":57}},"38":{"start":{"line":125,"column":4},"end":{"line":133,"column":7}},"39":{"start":{"line":135,"column":4},"end":{"line":140,"column":5}},"40":{"start":{"line":136,"column":6},"end":{"line":139,"column":9}},"41":{"start":{"line":142,"column":4},"end":{"line":142,"column":21}},"42":{"start":{"line":148,"column":2},"end":{"line":148,"column":31}},"43":{"start":{"line":148,"column":17},"end":{"line":148,"column":31}},"44":{"start":{"line":149,"column":30},"end":{"line":149,"column":38}},"45":{"start":{"line":152,"column":2},"end":{"line":156,"column":3}},"46":{"start":{"line":153,"column":4},"end":{"line":155,"column":68}},"47":{"start":{"line":159,"column":2},"end":{"line":186,"column":3}},"48":{"start":{"line":160,"column":28},"end":{"line":160,"column":47}},"49":{"start":{"line":162,"column":22},"end":{"line":164,"column":6}},"50":{"start":{"line":166,"column":4},"end":{"line":170,"column":5}},"51":{"start":{"line":167,"column":6},"end":{"line":169,"column":50}},"52":{"start":{"line":172,"column":18},"end":{"line":172,"column":75}},"53":{"start":{"line":173,"column":4},"end":{"line":177,"column":5}},"54":{"start":{"line":174,"column":6},"end":{"line":176,"column":50}},"55":{"start":{"line":181,"column":22},"end":{"line":181,"column":55}},"56":{"start":{"line":183,"column":4},"end":{"line":183,"column":80}},"57":{"start":{"line":185,"column":4},"end":{"line":185,"column":19}},"58":{"start":{"line":191,"column":17},"end":{"line":191,"column":40}},"59":{"start":{"line":193,"column":2},"end":{"line":195,"column":3}},"60":{"start":{"line":194,"column":4},"end":{"line":194,"column":62}},"61":{"start":{"line":197,"column":15},"end":{"line":216,"column":4}},"62":{"start":{"line":218,"column":2},"end":{"line":220,"column":3}},"63":{"start":{"line":219,"column":4},"end":{"line":219,"column":63}},"64":{"start":{"line":222,"column":2},"end":{"line":222,"column":29}},"65":{"start":{"line":228,"column":2},"end":{"line":228,"column":43}},"66":{"start":{"line":229,"column":2},"end":{"line":231,"column":51}},"67":{"start":{"line":234,"column":0},"end":{"line":234,"column":55}}},"fnMap":{"0":{"name":"(anonymous_0)","decl":{"start":{"line":9,"column":20},"end":{"line":9,"column":21}},"loc":{"start":{"line":9,"column":29},"end":{"line":15,"column":1}},"line":9},"1":{"name":"(anonymous_1)","decl":{"start":{"line":17,"column":21},"end":{"line":17,"column":22}},"loc":{"start":{"line":17,"column":41},"end":{"line":24,"column":1}},"line":17},"2":{"name":"hashPassword","decl":{"start":{"line":31,"column":15},"end":{"line":31,"column":27}},"loc":{"start":{"line":31,"column":38},"end":{"line":35,"column":1}},"line":31},"3":{"name":"comparePassword","decl":{"start":{"line":37,"column":15},"end":{"line":37,"column":30}},"loc":{"start":{"line":37,"column":58},"end":{"line":42,"column":1}},"line":37},"4":{"name":"register","decl":{"start":{"line":45,"column":15},"end":{"line":45,"column":23}},"loc":{"start":{"line":45,"column":40},"end":{"line":144,"column":1}},"line":45},"5":{"name":"(anonymous_5)","decl":{"start":{"line":64,"column":45},"end":{"line":64,"column":46}},"loc":{"start":{"line":64,"column":59},"end":{"line":117,"column":5}},"line":64},"6":{"name":"(anonymous_6)","decl":{"start":{"line":105,"column":43},"end":{"line":105,"column":44}},"loc":{"start":{"line":105,"column":50},"end":{"line":105,"column":57}},"line":105},"7":{"name":"logon","decl":{"start":{"line":147,"column":15},"end":{"line":147,"column":20}},"loc":{"start":{"line":147,"column":37},"end":{"line":187,"column":1}},"line":147},"8":{"name":"userShow","decl":{"start":{"line":190,"column":15},"end":{"line":190,"column":23}},"loc":{"start":{"line":190,"column":34},"end":{"line":223,"column":1}},"line":190},"9":{"name":"logoff","decl":{"start":{"line":226,"column":9},"end":{"line":226,"column":15}},"loc":{"start":{"line":226,"column":26},"end":{"line":232,"column":1}},"line":226}},"branchMap":{"0":{"loc":{"start":{"line":46,"column":2},"end":{"line":46,"column":31}},"type":"if","locations":[{"start":{"line":46,"column":2},"end":{"line":46,"column":31}},{"start":{},"end":{}}],"line":46},"1":{"loc":{"start":{"line":51,"column":2},"end":{"line":56,"column":3}},"type":"if","locations":[{"start":{"line":51,"column":2},"end":{"line":56,"column":3}},{"start":{},"end":{}}],"line":51},"2":{"loc":{"start":{"line":135,"column":4},"end":{"line":140,"column":5}},"type":"if","locations":[{"start":{"line":135,"column":4},"end":{"line":140,"column":5}},{"start":{},"end":{}}],"line":135},"3":{"loc":{"start":{"line":135,"column":8},"end":{"line":135,"column":76}},"type":"binary-expr","locations":[{"start":{"line":135,"column":8},"end":{"line":135,"column":52}},{"start":{"line":135,"column":56},"end":{"line":135,"column":76}}],"line":135},"4":{"loc":{"start":{"line":148,"column":2},"end":{"line":148,"column":31}},"type":"if","locations":[{"start":{"line":148,"column":2},"end":{"line":148,"column":31}},{"start":{},"end":{}}],"line":148},"5":{"loc":{"start":{"line":152,"column":2},"end":{"line":156,"column":3}},"type":"if","locations":[{"start":{"line":152,"column":2},"end":{"line":156,"column":3}},{"start":{},"end":{}}],"line":152},"6":{"loc":{"start":{"line":152,"column":6},"end":{"line":152,"column":25}},"type":"binary-expr","locations":[{"start":{"line":152,"column":6},"end":{"line":152,"column":12}},{"start":{"line":152,"column":16},"end":{"line":152,"column":25}}],"line":152},"7":{"loc":{"start":{"line":166,"column":4},"end":{"line":170,"column":5}},"type":"if","locations":[{"start":{"line":166,"column":4},"end":{"line":170,"column":5}},{"start":{},"end":{}}],"line":166},"8":{"loc":{"start":{"line":173,"column":4},"end":{"line":177,"column":5}},"type":"if","locations":[{"start":{"line":173,"column":4},"end":{"line":177,"column":5}},{"start":{},"end":{}}],"line":173},"9":{"loc":{"start":{"line":193,"column":2},"end":{"line":195,"column":3}},"type":"if","locations":[{"start":{"line":193,"column":2},"end":{"line":195,"column":3}},{"start":{},"end":{}}],"line":193},"10":{"loc":{"start":{"line":218,"column":2},"end":{"line":220,"column":3}},"type":"if","locations":[{"start":{"line":218,"column":2},"end":{"line":220,"column":3}},{"start":{},"end":{}}],"line":218}},"s":{"0":1,"1":1,"2":1,"3":1,"4":1,"5":1,"6":3,"7":1,"8":2,"9":2,"10":2,"11":2,"12":1,"13":1,"14":1,"15":1,"16":1,"17":1,"18":1,"19":1,"20":1,"21":1,"22":1,"23":0,"24":1,"25":1,"26":0,"27":1,"28":1,"29":1,"30":1,"31":1,"32":1,"33":1,"34":1,"35":3,"36":1,"37":1,"38":1,"39":0,"40":0,"41":0,"42":1,"43":0,"44":1,"45":1,"46":0,"47":1,"48":1,"49":1,"50":1,"51":0,"52":1,"53":1,"54":0,"55":1,"56":1,"57":0,"58":0,"59":0,"60":0,"61":0,"62":0,"63":0,"64":0,"65":1,"66":1,"67":1},"f":{"0":3,"1":2,"2":1,"3":1,"4":1,"5":1,"6":3,"7":1,"8":0,"9":1},"b":{"0":[0,1],"1":[0,1],"2":[0,0],"3":[0,0],"4":[0,1],"5":[0,1],"6":[1,1],"7":[0,1],"8":[0,1],"9":[0,0],"10":[0,0]},"_coverageSchema":"1a1c01bbd47fc00a2c39e90264f33305004495a9","hash":"4408d11f79e1e0a890bf890705eeb2b25a0db417"}
,"C:\\Users\\rareorchid24\\Documents\\GitHub\\Portfolio\\code_the_dream\\kristen_wishart_nodeSpring_class\\node-homework\\db\\pg-pool.js": {"path":"C:\\Users\\rareorchid24\\Documents\\GitHub\\Portfolio\\code_the_dream\\kristen_wishart_nodeSpring_class\\node-homework\\db\\pg-pool.js","statementMap":{"0":{"start":{"line":1,"column":17},"end":{"line":1,"column":30}},"1":{"start":{"line":2,"column":0},"end":{"line":2,"column":27}},"2":{"start":{"line":4,"column":13},"end":{"line":6,"column":2}},"3":{"start":{"line":8,"column":0},"end":{"line":10,"column":3}},"4":{"start":{"line":9,"column":2},"end":{"line":9,"column":56}},"5":{"start":{"line":12,"column":0},"end":{"line":12,"column":22}}},"fnMap":{"0":{"name":"(anonymous_0)","decl":{"start":{"line":8,"column":17},"end":{"line":8,"column":18}},"loc":{"start":{"line":8,"column":34},"end":{"line":10,"column":1}},"line":8}},"branchMap":{},"s":{"0":1,"1":1,"2":1,"3":1,"4":0,"5":1},"f":{"0":0},"b":{},"_coverageSchema":"1a1c01bbd47fc00a2c39e90264f33305004495a9","hash":"a6ca47eeeb95ef4fc3c80894434adbd883752a2d"}
,"C:\\Users\\rareorchid24\\Documents\\GitHub\\Portfolio\\code_the_dream\\kristen_wishart_nodeSpring_class\\node-homework\\db\\prisma.js": {"path":"C:\\Users\\rareorchid24\\Documents\\GitHub\\Portfolio\\code_the_dream\\kristen_wishart_nodeSpring_class\\node-homework\\db\\prisma.js","statementMap":{"0":{"start":{"line":1,"column":25},"end":{"line":1,"column":50}},"1":{"start":{"line":4,"column":0},"end":{"line":8,"column":1}},"2":{"start":{"line":5,"column":2},"end":{"line":5,"column":28}},"3":{"start":{"line":7,"column":2},"end":{"line":7,"column":12}},"4":{"start":{"line":10,"column":15},"end":{"line":10,"column":37}},"5":{"start":{"line":12,"column":0},"end":{"line":12,"column":24}}},"fnMap":{},"branchMap":{"0":{"loc":{"start":{"line":4,"column":0},"end":{"line":8,"column":1}},"type":"if","locations":[{"start":{"line":4,"column":0},"end":{"line":8,"column":1}},{"start":{"line":6,"column":7},"end":{"line":8,"column":1}}],"line":4},"1":{"loc":{"start":{"line":4,"column":4},"end":{"line":4,"column":67}},"type":"binary-expr","locations":[{"start":{"line":4,"column":4},"end":{"line":4,"column":25}},{"start":{"line":4,"column":29},"end":{"line":4,"column":67}}],"line":4}},"s":{"0":2,"1":2,"2":0,"3":2,"4":2,"5":2},"f":{},"b":{"0":[0,2],"1":[2,2]},"_coverageSchema":"1a1c01bbd47fc00a2c39e90264f33305004495a9","hash":"f43cc50209ba6cd2f45378f517b6b0b8b1834ff9"}
,"C:\\Users\\rareorchid24\\Documents\\GitHub\\Portfolio\\code_the_dream\\kristen_wishart_nodeSpring_class\\node-homework\\middleware\\error-handler.js": {"path":"C:\\Users\\rareorchid24\\Documents\\GitHub\\Portfolio\\code_the_dream\\kristen_wishart_nodeSpring_class\\node-homework\\middleware\\error-handler.js","statementMap":{"0":{"start":{"line":1,"column":24},"end":{"line":1,"column":52}},"1":{"start":{"line":3,"column":31},"end":{"line":21,"column":1}},"2":{"start":{"line":4,"column":2},"end":{"line":9,"column":3}},"3":{"start":{"line":6,"column":4},"end":{"line":8,"column":6}},"4":{"start":{"line":10,"column":2},"end":{"line":14,"column":4}},"5":{"start":{"line":16,"column":2},"end":{"line":20,"column":3}},"6":{"start":{"line":17,"column":4},"end":{"line":19,"column":50}},"7":{"start":{"line":23,"column":0},"end":{"line":23,"column":40}}},"fnMap":{"0":{"name":"(anonymous_0)","decl":{"start":{"line":3,"column":31},"end":{"line":3,"column":32}},"loc":{"start":{"line":3,"column":56},"end":{"line":21,"column":1}},"line":3}},"branchMap":{"0":{"loc":{"start":{"line":4,"column":2},"end":{"line":9,"column":3}},"type":"if","locations":[{"start":{"line":4,"column":2},"end":{"line":9,"column":3}},{"start":{},"end":{}}],"line":4},"1":{"loc":{"start":{"line":4,"column":6},"end":{"line":4,"column":54}},"type":"binary-expr","locations":[{"start":{"line":4,"column":6},"end":{"line":4,"column":33}},{"start":{"line":4,"column":37},"end":{"line":4,"column":54}}],"line":4},"2":{"loc":{"start":{"line":16,"column":2},"end":{"line":20,"column":3}},"type":"if","locations":[{"start":{"line":16,"column":2},"end":{"line":20,"column":3}},{"start":{},"end":{}}],"line":16}},"s":{"0":1,"1":1,"2":0,"3":0,"4":0,"5":0,"6":0,"7":1},"f":{"0":0},"b":{"0":[0,0],"1":[0,0],"2":[0,0]},"_coverageSchema":"1a1c01bbd47fc00a2c39e90264f33305004495a9","hash":"8ccc155c909bb8bcdeebf0bee6ea03b664714593"}
,"C:\\Users\\rareorchid24\\Documents\\GitHub\\Portfolio\\code_the_dream\\kristen_wishart_nodeSpring_class\\node-homework\\middleware\\jwtMiddleware.js": {"path":"C:\\Users\\rareorchid24\\Documents\\GitHub\\Portfolio\\code_the_dream\\kristen_wishart_nodeSpring_class\\node-homework\\middleware\\jwtMiddleware.js","statementMap":{"0":{"start":{"line":1,"column":12},"end":{"line":1,"column":35}},"1":{"start":{"line":2,"column":24},"end":{"line":2,"column":52}},"2":{"start":{"line":4,"column":16},"end":{"line":8,"column":1}},"3":{"start":{"line":5,"column":2},"end":{"line":7,"column":52}},"4":{"start":{"line":10,"column":0},"end":{"line":31,"column":2}},"5":{"start":{"line":11,"column":16},"end":{"line":11,"column":33}},"6":{"start":{"line":12,"column":2},"end":{"line":14,"column":3}},"7":{"start":{"line":13,"column":4},"end":{"line":13,"column":24}},"8":{"start":{"line":15,"column":2},"end":{"line":30,"column":5}},"9":{"start":{"line":17,"column":4},"end":{"line":19,"column":5}},"10":{"start":{"line":18,"column":6},"end":{"line":18,"column":26}},"11":{"start":{"line":20,"column":4},"end":{"line":20,"column":34}},"12":{"start":{"line":23,"column":4},"end":{"line":28,"column":5}},"13":{"start":{"line":25,"column":6},"end":{"line":27,"column":7}},"14":{"start":{"line":26,"column":8},"end":{"line":26,"column":28}},"15":{"start":{"line":29,"column":4},"end":{"line":29,"column":11}}},"fnMap":{"0":{"name":"(anonymous_0)","decl":{"start":{"line":4,"column":16},"end":{"line":4,"column":17}},"loc":{"start":{"line":4,"column":25},"end":{"line":8,"column":1}},"line":4},"1":{"name":"(anonymous_1)","decl":{"start":{"line":10,"column":17},"end":{"line":10,"column":18}},"loc":{"start":{"line":10,"column":43},"end":{"line":31,"column":1}},"line":10},"2":{"name":"(anonymous_2)","decl":{"start":{"line":15,"column":44},"end":{"line":15,"column":45}},"loc":{"start":{"line":15,"column":62},"end":{"line":30,"column":3}},"line":15}},"branchMap":{"0":{"loc":{"start":{"line":12,"column":2},"end":{"line":14,"column":3}},"type":"if","locations":[{"start":{"line":12,"column":2},"end":{"line":14,"column":3}},{"start":{},"end":{}}],"line":12},"1":{"loc":{"start":{"line":17,"column":4},"end":{"line":19,"column":5}},"type":"if","locations":[{"start":{"line":17,"column":4},"end":{"line":19,"column":5}},{"start":{},"end":{}}],"line":17},"2":{"loc":{"start":{"line":23,"column":4},"end":{"line":28,"column":5}},"type":"if","locations":[{"start":{"line":23,"column":4},"end":{"line":28,"column":5}},{"start":{},"end":{}}],"line":23},"3":{"loc":{"start":{"line":25,"column":6},"end":{"line":27,"column":7}},"type":"if","locations":[{"start":{"line":25,"column":6},"end":{"line":27,"column":7}},{"start":{},"end":{}}],"line":25}},"s":{"0":1,"1":1,"2":1,"3":1,"4":1,"5":3,"6":3,"7":1,"8":2,"9":2,"10":0,"11":2,"12":2,"13":1,"14":0,"15":2},"f":{"0":1,"1":3,"2":2},"b":{"0":[1,2],"1":[0,2],"2":[1,1],"3":[0,1]},"_coverageSchema":"1a1c01bbd47fc00a2c39e90264f33305004495a9","hash":"8380ac0f1bc7278fa6e8fc3b4db3f5f657c5b463"}
,"C:\\Users\\rareorchid24\\Documents\\GitHub\\Portfolio\\code_the_dream\\kristen_wishart_nodeSpring_class\\node-homework\\routes\\analyticsRoutes.js": {"path":"C:\\Users\\rareorchid24\\Documents\\GitHub\\Portfolio\\code_the_dream\\kristen_wishart_nodeSpring_class\\node-homework\\routes\\analyticsRoutes.js","statementMap":{"0":{"start":{"line":1,"column":16},"end":{"line":1,"column":34}},"1":{"start":{"line":3,"column":24},"end":{"line":3,"column":40}},"2":{"start":{"line":9,"column":4},"end":{"line":9,"column":49}},"3":{"start":{"line":11,"column":0},"end":{"line":11,"column":58}},"4":{"start":{"line":12,"column":0},"end":{"line":12,"column":55}},"5":{"start":{"line":13,"column":0},"end":{"line":13,"column":56}},"6":{"start":{"line":15,"column":0},"end":{"line":15,"column":33}}},"fnMap":{},"branchMap":{},"s":{"0":1,"1":1,"2":1,"3":1,"4":1,"5":1,"6":1},"f":{},"b":{},"_coverageSchema":"1a1c01bbd47fc00a2c39e90264f33305004495a9","hash":"c5ff23e9188121b516c7c2b9bb4417af968a8b3a"}
,"C:\\Users\\rareorchid24\\Documents\\GitHub\\Portfolio\\code_the_dream\\kristen_wishart_nodeSpring_class\\node-homework\\routes\\taskRoutes.js": {"path":"C:\\Users\\rareorchid24\\Documents\\GitHub\\Portfolio\\code_the_dream\\kristen_wishart_nodeSpring_class\\node-homework\\routes\\taskRoutes.js","statementMap":{"0":{"start":{"line":1,"column":16},"end":{"line":1,"column":34}},"1":{"start":{"line":3,"column":19},"end":{"line":3,"column":35}},"2":{"start":{"line":11,"column":4},"end":{"line":11,"column":44}},"3":{"start":{"line":13,"column":0},"end":{"line":13,"column":35}},"4":{"start":{"line":14,"column":0},"end":{"line":14,"column":43}},"5":{"start":{"line":15,"column":0},"end":{"line":15,"column":33}},"6":{"start":{"line":16,"column":0},"end":{"line":16,"column":35}},"7":{"start":{"line":17,"column":0},"end":{"line":17,"column":44}},"8":{"start":{"line":18,"column":0},"end":{"line":18,"column":39}},"9":{"start":{"line":20,"column":0},"end":{"line":20,"column":28}}},"fnMap":{},"branchMap":{},"s":{"0":1,"1":1,"2":1,"3":1,"4":1,"5":1,"6":1,"7":1,"8":1,"9":1},"f":{},"b":{},"_coverageSchema":"1a1c01bbd47fc00a2c39e90264f33305004495a9","hash":"9b47c44bc77ec53ffd0a13edc78a33ea48a773b2"}
,"C:\\Users\\rareorchid24\\Documents\\GitHub\\Portfolio\\code_the_dream\\kristen_wishart_nodeSpring_class\\node-homework\\routes\\userRoutes.js": {"path":"C:\\Users\\rareorchid24\\Documents\\GitHub\\Portfolio\\code_the_dream\\kristen_wishart_nodeSpring_class\\node-homework\\routes\\userRoutes.js","statementMap":{"0":{"start":{"line":1,"column":16},"end":{"line":1,"column":34}},"1":{"start":{"line":3,"column":15},"end":{"line":3,"column":31}},"2":{"start":{"line":9,"column":4},"end":{"line":9,"column":44}},"3":{"start":{"line":10,"column":22},"end":{"line":10,"column":60}},"4":{"start":{"line":12,"column":0},"end":{"line":12,"column":41}},"5":{"start":{"line":13,"column":0},"end":{"line":13,"column":35}},"6":{"start":{"line":14,"column":0},"end":{"line":14,"column":52}},"7":{"start":{"line":15,"column":0},"end":{"line":15,"column":35}},"8":{"start":{"line":17,"column":0},"end":{"line":17,"column":24}}},"fnMap":{},"branchMap":{},"s":{"0":1,"1":1,"2":1,"3":1,"4":1,"5":1,"6":1,"7":1,"8":1},"f":{},"b":{},"_coverageSchema":"1a1c01bbd47fc00a2c39e90264f33305004495a9","hash":"12cef0a45b9806034ddc9070716cdf342f1a2556"}
,"C:\\Users\\rareorchid24\\Documents\\GitHub\\Portfolio\\code_the_dream\\kristen_wishart_nodeSpring_class\\node-homework\\validation\\taskSchema.js": {"path":"C:\\Users\\rareorchid24\\Documents\\GitHub\\Portfolio\\code_the_dream\\kristen_wishart_nodeSpring_class\\node-homework\\validation\\taskSchema.js","statementMap":{"0":{"start":{"line":1,"column":12},"end":{"line":1,"column":26}},"1":{"start":{"line":3,"column":19},"end":{"line":7,"column":2}},"2":{"start":{"line":9,"column":24},"end":{"line":15,"column":53}},"3":{"start":{"line":17,"column":0},"end":{"line":17,"column":49}}},"fnMap":{},"branchMap":{},"s":{"0":2,"1":2,"2":2,"3":2},"f":{},"b":{},"_coverageSchema":"1a1c01bbd47fc00a2c39e90264f33305004495a9","hash":"df0a6f81187ae021431c9b9ea8285b2345759cb9"}
,"C:\\Users\\rareorchid24\\Documents\\GitHub\\Portfolio\\code_the_dream\\kristen_wishart_nodeSpring_class\\node-homework\\validation\\userSchema.js": {"path":"C:\\Users\\rareorchid24\\Documents\\GitHub\\Portfolio\\code_the_dream\\kristen_wishart_nodeSpring_class\\node-homework\\validation\\userSchema.js","statementMap":{"0":{"start":{"line":1,"column":12},"end":{"line":1,"column":26}},"1":{"start":{"line":3,"column":19},"end":{"line":15,"column":2}},"2":{"start":{"line":17,"column":0},"end":{"line":17,"column":32}}},"fnMap":{},"branchMap":{},"s":{"0":2,"1":2,"2":2},"f":{},"b":{},"_coverageSchema":"1a1c01bbd47fc00a2c39e90264f33305004495a9","hash":"4120d7fa28e63ffa6e3e410d753b83bbe10b044e"}
}
