TN:
SF:app.js
FN:46,(anonymous_0)
FN:59,(anonymous_1)
FN:70,(anonymous_2)
FN:74,(anonymous_3)
FN:88,(anonymous_4)
FN:95,(anonymous_5)
FN:107,shutdown
FN:112,(anonymous_7)
FN:128,(anonymous_8)
FN:129,(anonymous_9)
FN:130,(anonymous_10)
FN:134,(anonymous_11)
FNF:12
FNH:2
FNDA:2,(anonymous_0)
FNDA:0,(anonymous_1)
FNDA:0,(anonymous_2)
FNDA:0,(anonymous_3)
FNDA:1,(anonymous_4)
FNDA:0,(anonymous_5)
FNDA:0,shutdown
FNDA:0,(anonymous_7)
FNDA:0,(anonymous_8)
FNDA:0,(anonymous_9)
FNDA:0,(anonymous_10)
FNDA:0,(anonymous_11)
DA:1,1
DA:2,1
DA:4,1
DA:5,1
DA:6,1
DA:7,1
DA:8,1
DA:9,1
DA:10,1
DA:11,1
DA:14,1
DA:17,1
DA:20,1
DA:28,1
DA:31,1
DA:34,1
DA:37,1
DA:39,1
DA:42,1
DA:43,1
DA:44,1
DA:46,1
DA:47,2
DA:48,2
DA:52,1
DA:53,1
DA:56,1
DA:59,1
DA:60,0
DA:61,0
DA:62,0
DA:64,0
DA:70,1
DA:71,0
DA:74,1
DA:75,0
DA:76,0
DA:77,0
DA:79,0
DA:83,1
DA:85,1
DA:87,1
DA:88,1
DA:89,1
DA:95,1
DA:96,0
DA:97,0
DA:98,0
DA:99,0
DA:101,0
DA:103,0
DA:106,1
DA:108,0
DA:109,0
DA:110,0
DA:111,0
DA:112,0
DA:113,0
DA:115,0
DA:116,0
DA:117,0
DA:118,0
DA:120,0
DA:121,0
DA:123,0
DA:124,0
DA:128,1
DA:129,1
DA:130,1
DA:131,0
DA:132,0
DA:134,1
DA:135,0
DA:136,0
DA:139,1
LF:75
LH:42
BRDA:76,0,0,0
BRDA:76,0,1,0
BRDA:87,1,0,1
BRDA:87,1,1,1
BRDA:96,2,0,0
BRDA:96,2,1,0
BRDA:98,3,0,0
BRDA:98,3,1,0
BRDA:107,4,0,0
BRDA:108,5,0,0
BRDA:108,5,1,0
BRF:11
BRH:2
end_of_record
TN:
SF:controllers\analyticsController.js
FN:6,getUserAnalytics
FN:79,getUsersWithStats
FN:114,(anonymous_2)
FN:153,searchTasks
FNF:4
FNH:0
FNDA:0,getUserAnalytics
FNDA:0,getUsersWithStats
FNDA:0,(anonymous_2)
FNDA:0,searchTasks
DA:1,1
DA:2,1
DA:7,0
DA:9,0
DA:11,0
DA:12,0
DA:18,0
DA:22,0
DA:23,0
DA:29,0
DA:36,0
DA:54,0
DA:55,0
DA:57,0
DA:67,0
DA:73,0
DA:80,0
DA:82,0
DA:83,0
DA:84,0
DA:86,0
DA:87,0
DA:90,0
DA:91,0
DA:97,0
DA:114,0
DA:124,0
DA:126,0
DA:128,0
DA:138,0
DA:143,0
DA:154,0
DA:156,0
DA:158,0
DA:159,0
DA:165,0
DA:168,0
DA:169,0
DA:170,0
DA:173,0
DA:197,0
DA:200,0
DA:206,0
DA:207,0
DA:211,1
LF:45
LH:3
BRDA:11,0,0,0
BRDA:11,0,1,0
BRDA:22,1,0,0
BRDA:22,1,1,0
BRDA:82,2,0,0
BRDA:82,2,1,0
BRDA:83,3,0,0
BRDA:83,3,1,0
BRDA:86,4,0,0
BRDA:86,4,1,0
BRDA:90,5,0,0
BRDA:90,5,1,0
BRDA:90,6,0,0
BRDA:90,6,1,0
BRDA:158,7,0,0
BRDA:158,7,1,0
BRDA:158,8,0,0
BRDA:158,8,1,0
BRDA:165,9,0,0
BRDA:165,9,1,0
BRF:20
BRH:0
end_of_record
TN:
SF:controllers\taskController.js
FN:7,(anonymous_0)
FN:25,create
FN:57,bulkCreate
FN:107,index
FN:183,show
FN:222,update
FN:267,deleteTask
FNF:7
FNH:2
FNDA:1,(anonymous_0)
FNDA:0,create
FNDA:0,bulkCreate
FNDA:1,index
FNDA:0,show
FNDA:0,update
FNDA:0,deleteTask
DA:1,1
DA:2,1
DA:4,1
DA:7,1
DA:8,1
DA:15,1
DA:16,1
DA:18,1
DA:19,1
DA:21,0
DA:26,0
DA:29,0
DA:31,0
DA:32,0
DA:35,0
DA:36,0
DA:39,0
DA:40,0
DA:50,0
DA:52,0
DA:58,0
DA:59,0
DA:62,0
DA:63,0
DA:69,0
DA:71,0
DA:72,0
DA:74,0
DA:75,0
DA:81,0
DA:90,0
DA:91,0
DA:96,0
DA:102,0
DA:108,1
DA:110,1
DA:111,1
DA:112,1
DA:114,1
DA:115,0
DA:118,1
DA:119,0
DA:123,1
DA:125,1
DA:126,0
DA:133,1
DA:154,1
DA:159,1
DA:161,1
DA:170,1
DA:171,0
DA:176,1
DA:178,0
DA:184,0
DA:186,0
DA:187,0
DA:207,0
DA:208,0
DA:211,0
DA:213,0
DA:214,0
DA:217,0
DA:223,0
DA:226,0
DA:230,0
DA:231,0
DA:234,0
DA:236,0
DA:237,0
DA:255,0
DA:258,0
DA:259,0
DA:262,0
DA:268,0
DA:270,0
DA:271,0
DA:280,0
DA:282,0
DA:283,0
DA:286,0
DA:290,1
LF:81
LH:24
BRDA:15,0,0,1
BRDA:15,0,1,1
BRDA:16,1,0,0
BRDA:16,1,1,1
BRDA:18,2,0,1
BRDA:18,2,1,0
BRDA:26,3,0,0
BRDA:26,3,1,0
BRDA:31,4,0,0
BRDA:31,4,1,0
BRDA:35,5,0,0
BRDA:35,5,1,0
BRDA:62,6,0,0
BRDA:62,6,1,0
BRDA:62,7,0,0
BRDA:62,7,1,0
BRDA:62,7,2,0
BRDA:74,8,0,0
BRDA:74,8,1,0
BRDA:83,9,0,0
BRDA:83,9,1,0
BRDA:84,10,0,0
BRDA:84,10,1,0
BRDA:110,11,0,1
BRDA:110,11,1,1
BRDA:111,12,0,1
BRDA:111,12,1,1
BRDA:114,13,0,0
BRDA:114,13,1,1
BRDA:118,14,0,0
BRDA:118,14,1,1
BRDA:118,15,0,1
BRDA:118,15,1,1
BRDA:125,16,0,0
BRDA:125,16,1,1
BRDA:170,17,0,0
BRDA:170,17,1,1
BRDA:207,18,0,0
BRDA:207,18,1,0
BRDA:213,19,0,0
BRDA:213,19,1,0
BRDA:223,20,0,0
BRDA:223,20,1,0
BRDA:230,21,0,0
BRDA:230,21,1,0
BRDA:258,22,0,0
BRDA:258,22,1,0
BRDA:282,23,0,0
BRDA:282,23,1,0
BRF:49
BRH:14
end_of_record
TN:
SF:controllers\userController.js
FN:9,(anonymous_0)
FN:17,(anonymous_1)
FN:31,hashPassword
FN:37,comparePassword
FN:45,register
FN:64,(anonymous_5)
FN:105,(anonymous_6)
FN:147,logon
FN:190,userShow
FN:226,logoff
FNF:10
FNH:9
FNDA:3,(anonymous_0)
FNDA:2,(anonymous_1)
FNDA:1,hashPassword
FNDA:1,comparePassword
FNDA:1,register
FNDA:1,(anonymous_5)
FNDA:3,(anonymous_6)
FNDA:1,logon
FNDA:0,userShow
FNDA:1,logoff
DA:1,1
DA:2,1
DA:4,1
DA:5,1
DA:6,1
DA:9,1
DA:10,3
DA:17,1
DA:19,2
DA:20,2
DA:22,2
DA:23,2
DA:27,1
DA:28,1
DA:29,1
DA:32,1
DA:33,1
DA:34,1
DA:38,1
DA:39,1
DA:40,1
DA:41,1
DA:46,1
DA:49,1
DA:51,1
DA:52,0
DA:58,1
DA:60,1
DA:61,1
DA:64,1
DA:66,1
DA:81,1
DA:99,1
DA:102,1
DA:105,3
DA:116,1
DA:122,1
DA:125,1
DA:135,0
DA:136,0
DA:142,0
DA:148,1
DA:149,1
DA:152,1
DA:153,0
DA:159,1
DA:160,1
DA:162,1
DA:166,1
DA:167,0
DA:172,1
DA:173,1
DA:174,0
DA:181,1
DA:183,1
DA:185,0
DA:191,0
DA:193,0
DA:194,0
DA:197,0
DA:218,0
DA:219,0
DA:222,0
DA:228,1
DA:229,1
DA:234,1
LF:66
LH:51
BRDA:46,0,0,0
BRDA:46,0,1,1
BRDA:51,1,0,0
BRDA:51,1,1,1
BRDA:135,2,0,0
BRDA:135,2,1,0
BRDA:135,3,0,0
BRDA:135,3,1,0
BRDA:148,4,0,0
BRDA:148,4,1,1
BRDA:152,5,0,0
BRDA:152,5,1,1
BRDA:152,6,0,1
BRDA:152,6,1,1
BRDA:166,7,0,0
BRDA:166,7,1,1
BRDA:173,8,0,0
BRDA:173,8,1,1
BRDA:193,9,0,0
BRDA:193,9,1,0
BRDA:218,10,0,0
BRDA:218,10,1,0
BRF:22
BRH:8
end_of_record
TN:
SF:db\pg-pool.js
FN:8,(anonymous_0)
FNF:1
FNH:0
FNDA:0,(anonymous_0)
DA:1,1
DA:2,1
DA:4,1
DA:8,1
DA:9,0
DA:12,1
LF:6
LH:5
BRF:0
BRH:0
end_of_record
TN:
SF:db\prisma.js
FNF:0
FNH:0
DA:1,2
DA:4,2
DA:5,0
DA:7,2
DA:10,2
DA:12,2
LF:6
LH:5
BRDA:4,0,0,0
BRDA:4,0,1,2
BRDA:4,1,0,2
BRDA:4,1,1,2
BRF:4
BRH:3
end_of_record
TN:
SF:middleware\error-handler.js
FN:3,(anonymous_0)
FNF:1
FNH:0
FNDA:0,(anonymous_0)
DA:1,1
DA:3,1
DA:4,0
DA:6,0
DA:10,0
DA:16,0
DA:17,0
DA:23,1
LF:8
LH:3
BRDA:4,0,0,0
BRDA:4,0,1,0
BRDA:4,1,0,0
BRDA:4,1,1,0
BRDA:16,2,0,0
BRDA:16,2,1,0
BRF:6
BRH:0
end_of_record
TN:
SF:middleware\jwtMiddleware.js
FN:4,(anonymous_0)
FN:10,(anonymous_1)
FN:15,(anonymous_2)
FNF:3
FNH:3
FNDA:1,(anonymous_0)
FNDA:3,(anonymous_1)
FNDA:2,(anonymous_2)
DA:1,1
DA:2,1
DA:4,1
DA:5,1
DA:10,1
DA:11,3
DA:12,3
DA:13,1
DA:15,2
DA:17,2
DA:18,0
DA:20,2
DA:23,2
DA:25,1
DA:26,0
DA:29,2
LF:16
LH:14
BRDA:12,0,0,1
BRDA:12,0,1,2
BRDA:17,1,0,0
BRDA:17,1,1,2
BRDA:23,2,0,1
BRDA:23,2,1,1
BRDA:25,3,0,0
BRDA:25,3,1,1
BRF:8
BRH:6
end_of_record
TN:
SF:routes\analyticsRoutes.js
FNF:0
FNH:0
DA:1,1
DA:3,1
DA:9,1
DA:11,1
DA:12,1
DA:13,1
DA:15,1
LF:7
LH:7
BRF:0
BRH:0
end_of_record
TN:
SF:routes\taskRoutes.js
FNF:0
FNH:0
DA:1,1
DA:3,1
DA:11,1
DA:13,1
DA:14,1
DA:15,1
DA:16,1
DA:17,1
DA:18,1
DA:20,1
LF:10
LH:10
BRF:0
BRH:0
end_of_record
TN:
SF:routes\userRoutes.js
FNF:0
FNH:0
DA:1,1
DA:3,1
DA:9,1
DA:10,1
DA:12,1
DA:13,1
DA:14,1
DA:15,1
DA:17,1
LF:9
LH:9
BRF:0
BRH:0
end_of_record
TN:
SF:validation\taskSchema.js
FNF:0
FNH:0
DA:1,2
DA:3,2
DA:9,2
DA:17,2
LF:4
LH:4
BRF:0
BRH:0
end_of_record
TN:
SF:validation\userSchema.js
FNF:0
FNH:0
DA:1,2
DA:3,2
DA:17,2
LF:3
LH:3
BRF:0
BRH:0
end_of_record
